d:\github\approxmvbb\build\lib\debug\approxmvbb-dbg.lib
d:\github\approxmvbb\build\lib\debug\approxmvbb-dbg.exp
d:\github\approxmvbb\build\lib\approxmvbb.dir\debug\estimatediameter.obj
d:\github\approxmvbb\build\lib\approxmvbb.dir\debug\predicatesinit.obj
d:\github\approxmvbb\build\lib\approxmvbb.dir\debug\mymatrixtypedefs.obj
d:\github\approxmvbb\build\lib\approxmvbb.dir\debug\alloc.obj
d:\github\approxmvbb\build\lib\approxmvbb.dir\debug\convexhull2d.obj
d:\github\approxmvbb\build\lib\approxmvbb.dir\debug\minarearectangle.obj
d:\github\approxmvbb\build\lib\approxmvbb.dir\debug\projectedpointset.obj
d:\github\approxmvbb\build\lib\approxmvbb.dir\debug\oobb.obj
d:\github\approxmvbb\build\lib\approxmvbb.dir\debug\randomgenerators.obj
d:\github\approxmvbb\build\lib\approxmvbb.dir\debug\rand.obj
d:\github\approxmvbb\build\lib\approxmvbb.dir\debug\predicates.obj
d:\github\approxmvbb\build\lib\approxmvbb.dir\debug\aabb.obj
d:\github\approxmvbb\build\lib\approxmvbb.dir\debug\util.obj
d:\github\approxmvbb\build\lib\approxmvbb.dir\debug\vc141.pdb
d:\github\approxmvbb\build\lib\cmakefiles\generate.stamp
d:\github\approxmvbb\build\lib\debug\approxmvbb-dbg.ilk
d:\github\approxmvbb\build\lib\debug\approxmvbb-dbg.dll
d:\github\approxmvbb\build\lib\debug\approxmvbb-dbg.pdb
d:\github\approxmvbb\build\lib\approxmvbb.dir\debug\approxmvbb.tlog\approxmvbb.write.1u.tlog
d:\github\approxmvbb\build\lib\approxmvbb.dir\debug\approxmvbb.tlog\cl.command.1.tlog
d:\github\approxmvbb\build\lib\approxmvbb.dir\debug\approxmvbb.tlog\cl.read.1.tlog
d:\github\approxmvbb\build\lib\approxmvbb.dir\debug\approxmvbb.tlog\cl.write.1.tlog
d:\github\approxmvbb\build\lib\approxmvbb.dir\debug\approxmvbb.tlog\custombuild.command.1.tlog
d:\github\approxmvbb\build\lib\approxmvbb.dir\debug\approxmvbb.tlog\custombuild.read.1.tlog
d:\github\approxmvbb\build\lib\approxmvbb.dir\debug\approxmvbb.tlog\custombuild.write.1.tlog
d:\github\approxmvbb\build\lib\approxmvbb.dir\debug\approxmvbb.tlog\link.command.1.tlog
d:\github\approxmvbb\build\lib\approxmvbb.dir\debug\approxmvbb.tlog\link.read.1.tlog
d:\github\approxmvbb\build\lib\approxmvbb.dir\debug\approxmvbb.tlog\link.write.1.tlog
