  Creating directories for 'meta'
  Building Custom Rule D:/Github/ApproxMVBB/CMakeLists.txt
  CMake does not need to re-run because D:/Github/ApproxMVBB/build/CMakeFiles/generate.stamp is up-to-date.
  Performing download step (git clone) for 'meta'
  Cloning into 'meta'...
  Your branch is up-to-date with 'origin/master'.
  Already on 'master'
  Submodule 'doc/gh-pages' (https://github.com/ericniebler/meta.git) registered for path 'doc/gh-pages'
  Cloning into 'D:/Github/ApproxMVBB/build/src/meta/doc/gh-pages'...
  Submodule path 'doc/gh-pages': checked out '6ad02fc9e4ee7a08caa8f45ec5179c5c87a3a606'
  Performing update step for 'meta'
  Current branch master is up to date.
  No patch step for 'meta'
  Performing configure step for 'meta'
  -- Selecting Windows SDK version 10.0.16299.0 to target Windows 10.0.17134.
  -- The CXX compiler identification is MSVC 19.12.25830.2
  -- Check for working CXX compiler: D:/Program Files (x86)/Microsoft Visual Studio/2017/Enterprise/VC/Tools/MSVC/14.12.25827/bin/Hostx86/x86/cl.exe
  -- Check for working CXX compiler: D:/Program Files (x86)/Microsoft Visual Studio/2017/Enterprise/VC/Tools/MSVC/14.12.25827/bin/Hostx86/x86/cl.exe -- works
  -- Detecting CXX compiler ABI info
  -- Detecting CXX compiler ABI info - done
  -- Detecting CXX compile features
  -- Detecting CXX compile features - done
  -- Found Doxygen: D:/Program Files/doxygen/bin/doxygen.exe (found version "1.8.0") found components:  doxygen missing components:  dot
  -- Found Git: C:/Program Files/Git/cmd/git.exe (found version "2.14.1.windows.1") 
  -- Configuring done
  -- Generating done
  -- Build files have been written to: D:/Github/ApproxMVBB/build/src/meta-build
  No build step for 'meta'
  No install step for 'meta'
  Completed 'meta'
